2019-09-27 15:58:50 [twisted] CRITICAL: Unhandled error in Deferred:
2019-09-27 15:58:50 [twisted] CRITICAL: 
Traceback (most recent call last):
  File "D:\python\lib\site-packages\twisted\internet\defer.py", line 1418, in _inlineCallbacks
    result = g.send(result)
  File "D:\python\lib\site-packages\scrapy\crawler.py", line 86, in crawl
    self.engine = self._create_engine()
  File "D:\python\lib\site-packages\scrapy\crawler.py", line 111, in _create_engine
    return ExecutionEngine(self, lambda _: self.stop())
  File "D:\python\lib\site-packages\scrapy\core\engine.py", line 70, in __init__
    self.scraper = Scraper(crawler)
  File "D:\python\lib\site-packages\scrapy\core\scraper.py", line 71, in __init__
    self.itemproc = itemproc_cls.from_crawler(crawler)
  File "D:\python\lib\site-packages\scrapy\middleware.py", line 53, in from_crawler
    return cls.from_settings(crawler.settings, crawler)
  File "D:\python\lib\site-packages\scrapy\middleware.py", line 35, in from_settings
    mw = create_instance(mwcls, settings, crawler)
  File "D:\python\lib\site-packages\scrapy\utils\misc.py", line 146, in create_instance
    return objcls(*args, **kwargs)
TypeError: __init__() missing 1 required positional argument: 'db_pool'
2019-09-27 16:04:41 [twisted] CRITICAL: Unhandled error in Deferred:
2019-09-27 16:04:41 [twisted] CRITICAL: 
Traceback (most recent call last):
  File "D:\python\lib\site-packages\twisted\internet\defer.py", line 1418, in _inlineCallbacks
    result = g.send(result)
  File "D:\python\lib\site-packages\scrapy\crawler.py", line 86, in crawl
    self.engine = self._create_engine()
  File "D:\python\lib\site-packages\scrapy\crawler.py", line 111, in _create_engine
    return ExecutionEngine(self, lambda _: self.stop())
  File "D:\python\lib\site-packages\scrapy\core\engine.py", line 70, in __init__
    self.scraper = Scraper(crawler)
  File "D:\python\lib\site-packages\scrapy\core\scraper.py", line 71, in __init__
    self.itemproc = itemproc_cls.from_crawler(crawler)
  File "D:\python\lib\site-packages\scrapy\middleware.py", line 53, in from_crawler
    return cls.from_settings(crawler.settings, crawler)
  File "D:\python\lib\site-packages\scrapy\middleware.py", line 35, in from_settings
    mw = create_instance(mwcls, settings, crawler)
  File "D:\python\lib\site-packages\scrapy\utils\misc.py", line 146, in create_instance
    return objcls(*args, **kwargs)
TypeError: __init__() missing 1 required positional argument: 'db_pool'
2019-09-27 16:10:00 [twisted] CRITICAL: Unhandled error in Deferred:
2019-09-27 16:10:00 [twisted] CRITICAL: 
Traceback (most recent call last):
  File "D:\python\lib\site-packages\twisted\internet\defer.py", line 1418, in _inlineCallbacks
    result = g.send(result)
  File "D:\python\lib\site-packages\scrapy\crawler.py", line 86, in crawl
    self.engine = self._create_engine()
  File "D:\python\lib\site-packages\scrapy\crawler.py", line 111, in _create_engine
    return ExecutionEngine(self, lambda _: self.stop())
  File "D:\python\lib\site-packages\scrapy\core\engine.py", line 70, in __init__
    self.scraper = Scraper(crawler)
  File "D:\python\lib\site-packages\scrapy\core\scraper.py", line 71, in __init__
    self.itemproc = itemproc_cls.from_crawler(crawler)
  File "D:\python\lib\site-packages\scrapy\middleware.py", line 53, in from_crawler
    return cls.from_settings(crawler.settings, crawler)
  File "D:\python\lib\site-packages\scrapy\middleware.py", line 35, in from_settings
    mw = create_instance(mwcls, settings, crawler)
  File "D:\python\lib\site-packages\scrapy\utils\misc.py", line 146, in create_instance
    return objcls(*args, **kwargs)
  File "D:\pycharm\workspace\scrapy\gd_bank\gd_bank\pipelines.py", line 20, in __init__
    self.conn = pymysql.connect(**dbparams)
  File "D:\python\lib\site-packages\pymysql\__init__.py", line 94, in Connect
    return Connection(*args, **kwargs)
  File "D:\python\lib\site-packages\pymysql\connections.py", line 325, in __init__
    self.connect()
  File "D:\python\lib\site-packages\pymysql\connections.py", line 589, in connect
    self.host_info = "socket %s:%d" % (self.host, self.port)
TypeError: %d format: a number is required, not str
2019-09-27 16:12:50 [twisted] CRITICAL: Unhandled error in Deferred:
2019-09-27 16:12:50 [twisted] CRITICAL: 
Traceback (most recent call last):
  File "D:\python\lib\site-packages\twisted\internet\defer.py", line 1418, in _inlineCallbacks
    result = g.send(result)
  File "D:\python\lib\site-packages\scrapy\crawler.py", line 86, in crawl
    self.engine = self._create_engine()
  File "D:\python\lib\site-packages\scrapy\crawler.py", line 111, in _create_engine
    return ExecutionEngine(self, lambda _: self.stop())
  File "D:\python\lib\site-packages\scrapy\core\engine.py", line 70, in __init__
    self.scraper = Scraper(crawler)
  File "D:\python\lib\site-packages\scrapy\core\scraper.py", line 71, in __init__
    self.itemproc = itemproc_cls.from_crawler(crawler)
  File "D:\python\lib\site-packages\scrapy\middleware.py", line 53, in from_crawler
    return cls.from_settings(crawler.settings, crawler)
  File "D:\python\lib\site-packages\scrapy\middleware.py", line 35, in from_settings
    mw = create_instance(mwcls, settings, crawler)
  File "D:\python\lib\site-packages\scrapy\utils\misc.py", line 146, in create_instance
    return objcls(*args, **kwargs)
  File "D:\pycharm\workspace\scrapy\gd_bank\gd_bank\pipelines.py", line 20, in __init__
    self.conn = pymysql.connect(**dbparams)
  File "D:\python\lib\site-packages\pymysql\__init__.py", line 94, in Connect
    return Connection(*args, **kwargs)
  File "D:\python\lib\site-packages\pymysql\connections.py", line 325, in __init__
    self.connect()
  File "D:\python\lib\site-packages\pymysql\connections.py", line 589, in connect
    self.host_info = "socket %s:%d" % (self.host, self.port)
TypeError: %d format: a number is required, not str
2019-09-27 16:13:44 [scrapy.core.scraper] ERROR: Spider error processing <GET http://www.ccb.com/cn/home/map/netPersonalLoan.html?provinceCode=440000> (referer: None)
Traceback (most recent call last):
  File "D:\python\lib\site-packages\scrapy\utils\defer.py", line 102, in iter_errback
    yield next(it)
  File "D:\python\lib\site-packages\scrapy\core\spidermw.py", line 84, in evaluate_iterable
    for r in iterable:
  File "D:\python\lib\site-packages\scrapy\spidermiddlewares\offsite.py", line 29, in process_spider_output
    for x in result:
  File "D:\python\lib\site-packages\scrapy\core\spidermw.py", line 84, in evaluate_iterable
    for r in iterable:
  File "D:\python\lib\site-packages\scrapy\spidermiddlewares\referer.py", line 339, in <genexpr>
    return (_set_referer(r) for r in result or ())
  File "D:\python\lib\site-packages\scrapy\core\spidermw.py", line 84, in evaluate_iterable
    for r in iterable:
  File "D:\python\lib\site-packages\scrapy\spidermiddlewares\urllength.py", line 37, in <genexpr>
    return (r for r in result or () if _filter(r))
  File "D:\python\lib\site-packages\scrapy\core\spidermw.py", line 84, in evaluate_iterable
    for r in iterable:
  File "D:\python\lib\site-packages\scrapy\spidermiddlewares\depth.py", line 58, in <genexpr>
    return (r for r in result or () if _filter(r))
  File "D:\pycharm\workspace\scrapy\gd_bank\gd_bank\spiders\gd.py", line 42, in parse
    created_time = current_time
  File "D:\python\lib\site-packages\scrapy\item.py", line 63, in __init__
    self[k] = v
  File "D:\python\lib\site-packages\scrapy\item.py", line 73, in __setitem__
    (self.__class__.__name__, key))
KeyError: 'GdBankItem does not support field: created_time'
2019-09-27 16:14:31 [scrapy.utils.log] INFO: Scrapy 1.7.3 started (bot: gd_bank)
2019-09-27 16:14:31 [scrapy.utils.log] INFO: Versions: lxml 4.4.1.0, libxml2 2.9.5, cssselect 1.1.0, parsel 1.5.2, w3lib 1.21.0, Twisted 19.7.0, Python 3.7.4 (tags/v3.7.4:e09359112e, Jul  8 2019, 19:29:22) [MSC v.1916 32 bit (Intel)], pyOpenSSL 19.0.0 (OpenSSL 1.1.1c  28 May 2019), cryptography 2.7, Platform Windows-10-10.0.17134-SP0
2019-09-27 16:14:31 [scrapy.crawler] INFO: Overridden settings: {'BOT_NAME': 'gd_bank', 'LOG_FILE': './gd.log', 'NEWSPIDER_MODULE': 'gd_bank.spiders', 'SPIDER_MODULES': ['gd_bank.spiders']}
2019-09-27 16:14:31 [scrapy.extensions.telnet] INFO: Telnet Password: 2e39d45dd2aeac69
2019-09-27 16:14:32 [scrapy.middleware] INFO: Enabled extensions:
['scrapy.extensions.corestats.CoreStats',
 'scrapy.extensions.telnet.TelnetConsole',
 'scrapy.extensions.logstats.LogStats']
2019-09-27 16:14:32 [scrapy.middleware] INFO: Enabled downloader middlewares:
['scrapy.downloadermiddlewares.httpauth.HttpAuthMiddleware',
 'scrapy.downloadermiddlewares.downloadtimeout.DownloadTimeoutMiddleware',
 'scrapy.downloadermiddlewares.defaultheaders.DefaultHeadersMiddleware',
 'scrapy.downloadermiddlewares.useragent.UserAgentMiddleware',
 'gd_bank.middlewares.SeleniumDownloadMiddleware',
 'scrapy.downloadermiddlewares.retry.RetryMiddleware',
 'scrapy.downloadermiddlewares.redirect.MetaRefreshMiddleware',
 'scrapy.downloadermiddlewares.httpcompression.HttpCompressionMiddleware',
 'scrapy.downloadermiddlewares.redirect.RedirectMiddleware',
 'scrapy.downloadermiddlewares.cookies.CookiesMiddleware',
 'scrapy.downloadermiddlewares.httpproxy.HttpProxyMiddleware',
 'scrapy.downloadermiddlewares.stats.DownloaderStats']
2019-09-27 16:14:32 [scrapy.middleware] INFO: Enabled spider middlewares:
['scrapy.spidermiddlewares.httperror.HttpErrorMiddleware',
 'scrapy.spidermiddlewares.offsite.OffsiteMiddleware',
 'scrapy.spidermiddlewares.referer.RefererMiddleware',
 'scrapy.spidermiddlewares.urllength.UrlLengthMiddleware',
 'scrapy.spidermiddlewares.depth.DepthMiddleware']
2019-09-27 16:14:32 [scrapy.middleware] INFO: Enabled item pipelines:
['gd_bank.pipelines.GdBankPipeline']
2019-09-27 16:14:32 [scrapy.core.engine] INFO: Spider opened
2019-09-27 16:14:32 [scrapy.extensions.logstats] INFO: Crawled 0 pages (at 0 pages/min), scraped 0 items (at 0 items/min)
2019-09-27 16:14:32 [scrapy.extensions.telnet] INFO: Telnet console listening on 127.0.0.1:6023
2019-09-27 16:14:33 [selenium.webdriver.remote.remote_connection] DEBUG: POST http://127.0.0.1:56586/session {"capabilities": {"firstMatch": [{}], "alwaysMatch": {"browserName": "chrome", "platformName": "any", "goog:chromeOptions": {"extensions": [], "args": ["--headless"]}}}, "desiredCapabilities": {"browserName": "chrome", "version": "", "platform": "ANY", "goog:chromeOptions": {"extensions": [], "args": ["--headless"]}}}
2019-09-27 16:14:33 [urllib3.connectionpool] DEBUG: Starting new HTTP connection (1): 127.0.0.1:56586
2019-09-27 16:14:34 [urllib3.connectionpool] DEBUG: http://127.0.0.1:56586 "POST /session HTTP/1.1" 200 683
2019-09-27 16:14:34 [selenium.webdriver.remote.remote_connection] DEBUG: Finished Request
2019-09-27 16:14:34 [selenium.webdriver.remote.remote_connection] DEBUG: POST http://127.0.0.1:56586/session/d300d04010515c24a3ace505c85d2e59/url {"url": "http://www.ccb.com/cn/home/map/netPersonalLoan.html?provinceCode=440000"}
2019-09-27 16:14:35 [urllib3.connectionpool] DEBUG: http://127.0.0.1:56586 "POST /session/d300d04010515c24a3ace505c85d2e59/url HTTP/1.1" 200 14
2019-09-27 16:14:35 [selenium.webdriver.remote.remote_connection] DEBUG: Finished Request
2019-09-27 16:14:36 [selenium.webdriver.remote.remote_connection] DEBUG: POST http://127.0.0.1:56586/session/d300d04010515c24a3ace505c85d2e59/elements {"using": "css selector", "value": ".lfloat search_net_btn mL10"}
2019-09-27 16:14:36 [urllib3.connectionpool] DEBUG: http://127.0.0.1:56586 "POST /session/d300d04010515c24a3ace505c85d2e59/elements HTTP/1.1" 200 12
2019-09-27 16:14:36 [selenium.webdriver.remote.remote_connection] DEBUG: Finished Request
2019-09-27 16:14:36 [selenium.webdriver.remote.remote_connection] DEBUG: GET http://127.0.0.1:56586/session/d300d04010515c24a3ace505c85d2e59/source {}
2019-09-27 16:14:36 [urllib3.connectionpool] DEBUG: http://127.0.0.1:56586 "GET /session/d300d04010515c24a3ace505c85d2e59/source HTTP/1.1" 200 155619
2019-09-27 16:14:36 [selenium.webdriver.remote.remote_connection] DEBUG: Finished Request
2019-09-27 16:14:36 [selenium.webdriver.remote.remote_connection] DEBUG: GET http://127.0.0.1:56586/session/d300d04010515c24a3ace505c85d2e59/url {}
2019-09-27 16:14:36 [urllib3.connectionpool] DEBUG: http://127.0.0.1:56586 "GET /session/d300d04010515c24a3ace505c85d2e59/url HTTP/1.1" 200 83
2019-09-27 16:14:36 [selenium.webdriver.remote.remote_connection] DEBUG: Finished Request
2019-09-27 16:14:38 [scrapy.core.engine] DEBUG: Crawled (200) <GET http://www.ccb.com/cn/home/map/netPersonalLoan.html?provinceCode=440000> (referer: None)
2019-09-27 16:14:39 [scrapy.core.scraper] ERROR: Spider error processing <GET http://www.ccb.com/cn/home/map/netPersonalLoan.html?provinceCode=440000> (referer: None)
Traceback (most recent call last):
  File "D:\python\lib\site-packages\scrapy\utils\defer.py", line 102, in iter_errback
    yield next(it)
  File "D:\python\lib\site-packages\scrapy\core\spidermw.py", line 84, in evaluate_iterable
    for r in iterable:
  File "D:\python\lib\site-packages\scrapy\spidermiddlewares\offsite.py", line 29, in process_spider_output
    for x in result:
  File "D:\python\lib\site-packages\scrapy\core\spidermw.py", line 84, in evaluate_iterable
    for r in iterable:
  File "D:\python\lib\site-packages\scrapy\spidermiddlewares\referer.py", line 339, in <genexpr>
    return (_set_referer(r) for r in result or ())
  File "D:\python\lib\site-packages\scrapy\core\spidermw.py", line 84, in evaluate_iterable
    for r in iterable:
  File "D:\python\lib\site-packages\scrapy\spidermiddlewares\urllength.py", line 37, in <genexpr>
    return (r for r in result or () if _filter(r))
  File "D:\python\lib\site-packages\scrapy\core\spidermw.py", line 84, in evaluate_iterable
    for r in iterable:
  File "D:\python\lib\site-packages\scrapy\spidermiddlewares\depth.py", line 58, in <genexpr>
    return (r for r in result or () if _filter(r))
  File "D:\pycharm\workspace\scrapy\gd_bank\gd_bank\spiders\gd.py", line 42, in parse
    created_time = current_time
  File "D:\python\lib\site-packages\scrapy\item.py", line 63, in __init__
    self[k] = v
  File "D:\python\lib\site-packages\scrapy\item.py", line 73, in __setitem__
    (self.__class__.__name__, key))
KeyError: 'GdBankItem does not support field: created_time'
2019-09-27 16:14:39 [scrapy.core.engine] INFO: Closing spider (finished)
2019-09-27 16:14:39 [scrapy.statscollectors] INFO: Dumping Scrapy stats:
{'downloader/response_bytes': 129674,
 'downloader/response_count': 1,
 'downloader/response_status_count/200': 1,
 'elapsed_time_seconds': 6.583544,
 'finish_reason': 'finished',
 'finish_time': datetime.datetime(2019, 9, 27, 8, 14, 39, 30365),
 'log_count/DEBUG': 17,
 'log_count/ERROR': 1,
 'log_count/INFO': 10,
 'response_received_count': 1,
 'scheduler/dequeued': 1,
 'scheduler/dequeued/memory': 1,
 'scheduler/enqueued': 1,
 'scheduler/enqueued/memory': 1,
 'spider_exceptions/KeyError': 1,
 'start_time': datetime.datetime(2019, 9, 27, 8, 14, 32, 446821)}
2019-09-27 16:14:39 [scrapy.core.engine] INFO: Spider closed (finished)
